#
# There is insufficient memory for the Java Runtime Environment to continue.
# Native memory allocation (malloc) failed to allocate 52992 bytes for Chunk::new
# Possible reasons:
#   The system is out of physical RAM or swap space
#   The process is running with CompressedOops enabled, and the Java Heap may be blocking the growth of the native heap
# Possible solutions:
#   Reduce memory load on the system
#   Increase physical memory or swap space
#   Check if swap backing store is full
#   Decrease Java heap size (-Xmx/-Xms)
#   Decrease number of Java threads
#   Decrease Java thread stack sizes (-Xss)
#   Set larger code cache with -XX:ReservedCodeCacheSize=
#   JVM is running with Unscaled Compressed Oops mode in which the Java heap is
#     placed in the first 4GB address space. The Java Heap base address is the
#     maximum limit for the native heap growth. Please use -XX:HeapBaseMinAddress
#     to set the Java Heap base and to place the Java Heap above 4GB virtual address.
# This output file may be truncated or incomplete.
#
#  Out of Memory Error (arena.cpp:189), pid=14152, tid=13284
#
# JRE version: OpenJDK Runtime Environment JBR-17.0.7+7-1000.6-jcef (17.0.7+7) (build 17.0.7+7-b1000.6)
# Java VM: OpenJDK 64-Bit Server VM JBR-17.0.7+7-1000.6-jcef (17.0.7+7-b1000.6, mixed mode, tiered, compressed oops, compressed class ptrs, g1 gc, windows-amd64)
# No core dump will be written. Minidumps are not enabled by default on client versions of Windows
#

---------------  S U M M A R Y ------------

Command Line: git4idea.http.GitAskPassApp Username for 'https://github.com': 

Host: AMD Ryzen 5 5500U with Radeon Graphics         , 12 cores, 7G,  Windows 10 , 64 bit Build 19041 (10.0.19041.3636)
Time: Tue Dec  5 19:10:52 2023 GMT Standard Time elapsed time: 0.396297 seconds (0d 0h 0m 0s)

---------------  T H R E A D  ---------------

Current thread (0x000001ae25f79b40):  JavaThread "C2 CompilerThread0" daemon [_thread_in_native, id=13284, stack(0x00000054fc500000,0x00000054fc600000)]


Current CompileTask:
C2:    396  483       4       jdk.internal.org.objectweb.asm.ByteVector::putUTF8 (144 bytes)

Stack: [0x00000054fc500000,0x00000054fc600000]
Native frames: (J=compiled Java code, j=interpreted, Vv=VM code, C=native code)
V  [jvm.dll+0x683bfa]
V  [jvm.dll+0x8430a4]
V  [jvm.dll+0x8449be]
V  [jvm.dll+0x845023]
V  [jvm.dll+0x24ad2f]
V  [jvm.dll+0xac25c]
V  [jvm.dll+0xac82c]
V  [jvm.dll+0x36a187]
V  [jvm.dll+0x334821]
V  [jvm.dll+0x333cca]
V  [jvm.dll+0x21d251]
V  [jvm.dll+0x21c671]
V  [jvm.dll+0x1a605d]
V  [jvm.dll+0x22c148]
V  [jvm.dll+0x22a209]
V  [jvm.dll+0x7f858c]
V  [jvm.dll+0x7f2aea]
V  [jvm.dll+0x682a35]
C  [ucrtbase.dll+0x21bb2]
C  [KERNEL32.DLL+0x17344]
C  [ntdll.dll+0x526b1]


---------------  P R O C E S S  ---------------

Threads class SMR info:
_java_thread_list=0x000001ae26272940, length=12, elements={
0x000001ae0c01ec10, 0x000001ae260c2250, 0x000001ae260c2ec0, 0x000001ae25f770a0,
0x000001ae25f77a50, 0x000001ae25f78400, 0x000001ae25f78db0, 0x000001ae25f79b40,
0x000001ae25f7ad80, 0x000001ae25f7d780, 0x000001ae2625eee0, 0x000001ae262720f0
}

Java Threads: ( => current thread )
  0x000001ae0c01ec10 JavaThread "main" [_thread_in_Java, id=15216, stack(0x00000054fb800000,0x00000054fb900000)]
  0x000001ae260c2250 JavaThread "Reference Handler" daemon [_thread_blocked, id=10404, stack(0x00000054fbf00000,0x00000054fc000000)]
  0x000001ae260c2ec0 JavaThread "Finalizer" daemon [_thread_blocked, id=13260, stack(0x00000054fc000000,0x00000054fc100000)]
  0x000001ae25f770a0 JavaThread "Signal Dispatcher" daemon [_thread_blocked, id=6640, stack(0x00000054fc100000,0x00000054fc200000)]
  0x000001ae25f77a50 JavaThread "Attach Listener" daemon [_thread_blocked, id=13012, stack(0x00000054fc200000,0x00000054fc300000)]
  0x000001ae25f78400 JavaThread "Service Thread" daemon [_thread_blocked, id=9756, stack(0x00000054fc300000,0x00000054fc400000)]
  0x000001ae25f78db0 JavaThread "Monitor Deflation Thread" daemon [_thread_blocked, id=19584, stack(0x00000054fc400000,0x00000054fc500000)]
=>0x000001ae25f79b40 JavaThread "C2 CompilerThread0" daemon [_thread_in_native, id=13284, stack(0x00000054fc500000,0x00000054fc600000)]
  0x000001ae25f7ad80 JavaThread "C1 CompilerThread0" daemon [_thread_blocked, id=21524, stack(0x00000054fc600000,0x00000054fc700000)]
  0x000001ae25f7d780 JavaThread "Sweeper thread" daemon [_thread_blocked, id=8080, stack(0x00000054fc700000,0x00000054fc800000)]
  0x000001ae2625eee0 JavaThread "Notification Thread" daemon [_thread_blocked, id=20292, stack(0x00000054fc800000,0x00000054fc900000)]
  0x000001ae262720f0 JavaThread "Common-Cleaner" daemon [_thread_blocked, id=15152, stack(0x00000054fca00000,0x00000054fcb00000)]

Other Threads:
  0x000001ae25f62a00 VMThread "VM Thread" [stack: 0x00000054fbe00000,0x00000054fbf00000] [id=1408]
  0x000001ae0c08f7a0 WatcherThread [stack: 0x00000054fc900000,0x00000054fca00000] [id=6100]
  0x000001ae0c076570 GCTaskThread "GC Thread#0" [stack: 0x00000054fb900000,0x00000054fba00000] [id=10528]
  0x000001ae0c086750 ConcurrentGCThread "G1 Main Marker" [stack: 0x00000054fba00000,0x00000054fbb00000] [id=24444]
  0x000001ae0c087160 ConcurrentGCThread "G1 Conc#0" [stack: 0x00000054fbb00000,0x00000054fbc00000] [id=4664]
  0x000001ae0c0ee990 ConcurrentGCThread "G1 Refine#0" [stack: 0x00000054fbc00000,0x00000054fbd00000] [id=21248]
  0x000001ae25db84e0 ConcurrentGCThread "G1 Service" [stack: 0x00000054fbd00000,0x00000054fbe00000] [id=11268]

Threads with active compile tasks:
C2 CompilerThread0      413  483       4       jdk.internal.org.objectweb.asm.ByteVector::putUTF8 (144 bytes)
C1 CompilerThread0      413  561       3       jdk.internal.org.objectweb.asm.MethodWriter::visitVarInsn (302 bytes)

VM state: not at safepoint (normal execution)

VM Mutex/Monitor currently owned by a thread: None

Heap address: 0x000000008a800000, size: 1880 MB, Compressed Oops mode: 32-bit

CDS archive(s) not mapped
Compressed class space mapped at: 0x0000000100000000-0x0000000140000000, reserved size: 1073741824
Narrow klass base: 0x0000000000000000, Narrow klass shift: 3, Narrow klass range: 0x140000000

GC Precious Log:
 CPUs: 12 total, 12 available
 Memory: 7514M
 Large Page Support: Disabled
 NUMA Support: Disabled
 Compressed Oops: Enabled (32-bit)
 Heap Region Size: 1M
 Heap Min Capacity: 8M
 Heap Initial Capacity: 118M
 Heap Max Capacity: 1880M
 Pre-touch: Disabled
 Parallel Workers: 10
 Concurrent Workers: 3
 Concurrent Refinement Workers: 10
 Periodic GC: Disabled

Heap:
 garbage-first heap   total 120832K, used 5120K [0x000000008a800000, 0x0000000100000000)
  region size 1024K, 6 young (6144K), 0 survivors (0K)
 Metaspace       used 10721K, committed 10944K, reserved 1114112K
  class space    used 1021K, committed 1152K, reserved 1048576K

Heap Regions: E=young(eden), S=young(survivor), O=old, HS=humongous(starts), HC=humongous(continues), CS=collection set, F=free, OA=open archive, CA=closed archive, TAMS=top-at-mark-start (previous, next)
|   0|0x000000008a800000, 0x000000008a800000, 0x000000008a900000|  0%| F|  |TAMS 0x000000008a800000, 0x000000008a800000| Untracked 
|   1|0x000000008a900000, 0x000000008a900000, 0x000000008aa00000|  0%| F|  |TAMS 0x000000008a900000, 0x000000008a900000| Untracked 
|   2|0x000000008aa00000, 0x000000008aa00000, 0x000000008ab00000|  0%| F|  |TAMS 0x000000008aa00000, 0x000000008aa00000| Untracked 
|   3|0x000000008ab00000, 0x000000008ab00000, 0x000000008ac00000|  0%| F|  |TAMS 0x000000008ab00000, 0x000000008ab00000| Untracked 
|   4|0x000000008ac00000, 0x000000008ac00000, 0x000000008ad00000|  0%| F|  |TAMS 0x000000008ac00000, 0x000000008ac00000| Untracked 
|   5|0x000000008ad00000, 0x000000008ad00000, 0x000000008ae00000|  0%| F|  |TAMS 0x000000008ad00000, 0x000000008ad00000| Untracked 
|   6|0x000000008ae00000, 0x000000008ae00000, 0x000000008af00000|  0%| F|  |TAMS 0x000000008ae00000, 0x000000008ae00000| Untracked 
|   7|0x000000008af00000, 0x000000008af00000, 0x000000008b000000|  0%| F|  |TAMS 0x000000008af00000, 0x000000008af00000| Untracked 
|   8|0x000000008b000000, 0x000000008b000000, 0x000000008b100000|  0%| F|  |TAMS 0x000000008b000000, 0x000000008b000000| Untracked 
|   9|0x000000008b100000, 0x000000008b100000, 0x000000008b200000|  0%| F|  |TAMS 0x000000008b100000, 0x000000008b100000| Untracked 
|  10|0x000000008b200000, 0x000000008b200000, 0x000000008b300000|  0%| F|  |TAMS 0x000000008b200000, 0x000000008b200000| Untracked 
|  11|0x000000008b300000, 0x000000008b300000, 0x000000008b400000|  0%| F|  |TAMS 0x000000008b300000, 0x000000008b300000| Untracked 
|  12|0x000000008b400000, 0x000000008b400000, 0x000000008b500000|  0%| F|  |TAMS 0x000000008b400000, 0x000000008b400000| Untracked 
|  13|0x000000008b500000, 0x000000008b500000, 0x000000008b600000|  0%| F|  |TAMS 0x000000008b500000, 0x000000008b500000| Untracked 
|  14|0x000000008b600000, 0x000000008b600000, 0x000000008b700000|  0%| F|  |TAMS 0x000000008b600000, 0x000000008b600000| Untracked 
|  15|0x000000008b700000, 0x000000008b700000, 0x000000008b800000|  0%| F|  |TAMS 0x000000008b700000, 0x000000008b700000| Untracked 
|  16|0x000000008b800000, 0x000000008b800000, 0x000000008b900000|  0%| F|  |TAMS 0x000000008b800000, 0x000000008b800000| Untracked 
|  17|0x000000008b900000, 0x000000008b900000, 0x000000008ba00000|  0%| F|  |TAMS 0x000000008b900000, 0x000000008b900000| Untracked 
|  18|0x000000008ba00000, 0x000000008ba00000, 0x000000008bb00000|  0%| F|  |TAMS 0x000000008ba00000, 0x000000008ba00000| Untracked 
|  19|0x000000008bb00000, 0x000000008bb00000, 0x000000008bc00000|  0%| F|  |TAMS 0x000000008bb00000, 0x000000008bb00000| Untracked 
|  20|0x000000008bc00000, 0x000000008bc00000, 0x000000008bd00000|  0%| F|  |TAMS 0x000000008bc00000, 0x000000008bc00000| Untracked 
|  21|0x000000008bd00000, 0x000000008bd00000, 0x000000008be00000|  0%| F|  |TAMS 0x000000008bd00000, 0x000000008bd00000| Untracked 
|  22|0x000000008be00000, 0x000000008be00000, 0x000000008bf00000|  0%| F|  |TAMS 0x000000008be00000, 0x000000008be00000| Untracked 
|  23|0x000000008bf00000, 0x000000008bf00000, 0x000000008c000000|  0%| F|  |TAMS 0x000000008bf00000, 0x000000008bf00000| Untracked 
|  24|0x000000008c000000, 0x000000008c000000, 0x000000008c100000|  0%| F|  |TAMS 0x000000008c000000, 0x000000008c000000| Untracked 
|  25|0x000000008c100000, 0x000000008c100000, 0x000000008c200000|  0%| F|  |TAMS 0x000000008c100000, 0x000000008c100000| Untracked 
|  26|0x000000008c200000, 0x000000008c200000, 0x000000008c300000|  0%| F|  |TAMS 0x000000008c200000, 0x000000008c200000| Untracked 
|  27|0x000000008c300000, 0x000000008c300000, 0x000000008c400000|  0%| F|  |TAMS 0x000000008c300000, 0x000000008c300000| Untracked 
|  28|0x000000008c400000, 0x000000008c400000, 0x000000008c500000|  0%| F|  |TAMS 0x000000008c400000, 0x000000008c400000| Untracked 
|  29|0x000000008c500000, 0x000000008c500000, 0x000000008c600000|  0%| F|  |TAMS 0x000000008c500000, 0x000000008c500000| Untracked 
|  30|0x000000008c600000, 0x000000008c600000, 0x000000008c700000|  0%| F|  |TAMS 0x000000008c600000, 0x000000008c600000| Untracked 
|  31|0x000000008c700000, 0x000000008c700000, 0x000000008c800000|  0%| F|  |TAMS 0x000000008c700000, 0x000000008c700000| Untracked 
|  32|0x000000008c800000, 0x000000008c800000, 0x000000008c900000|  0%| F|  |TAMS 0x000000008c800000, 0x000000008c800000| Untracked 
|  33|0x000000008c900000, 0x000000008c900000, 0x000000008ca00000|  0%| F|  |TAMS 0x000000008c900000, 0x000000008c900000| Untracked 
|  34|0x000000008ca00000, 0x000000008ca00000, 0x000000008cb00000|  0%| F|  |TAMS 0x000000008ca00000, 0x000000008ca00000| Untracked 
|  35|0x000000008cb00000, 0x000000008cb00000, 0x000000008cc00000|  0%| F|  |TAMS 0x000000008cb00000, 0x000000008cb00000| Untracked 
|  36|0x000000008cc00000, 0x000000008cc00000, 0x000000008cd00000|  0%| F|  |TAMS 0x000000008cc00000, 0x000000008cc00000| Untracked 
|  37|0x000000008cd00000, 0x000000008cd00000, 0x000000008ce00000|  0%| F|  |TAMS 0x000000008cd00000, 0x000000008cd00000| Untracked 
|  38|0x000000008ce00000, 0x000000008ce00000, 0x000000008cf00000|  0%| F|  |TAMS 0x000000008ce00000, 0x000000008ce00000| Untracked 
|  39|0x000000008cf00000, 0x000000008cf00000, 0x000000008d000000|  0%| F|  |TAMS 0x000000008cf00000, 0x000000008cf00000| Untracked 
|  40|0x000000008d000000, 0x000000008d000000, 0x000000008d100000|  0%| F|  |TAMS 0x000000008d000000, 0x000000008d000000| Untracked 
|  41|0x000000008d100000, 0x000000008d100000, 0x000000008d200000|  0%| F|  |TAMS 0x000000008d100000, 0x000000008d100000| Untracked 
|  42|0x000000008d200000, 0x000000008d200000, 0x000000008d300000|  0%| F|  |TAMS 0x000000008d200000, 0x000000008d200000| Untracked 
|  43|0x000000008d300000, 0x000000008d300000, 0x000000008d400000|  0%| F|  |TAMS 0x000000008d300000, 0x000000008d300000| Untracked 
|  44|0x000000008d400000, 0x000000008d400000, 0x000000008d500000|  0%| F|  |TAMS 0x000000008d400000, 0x000000008d400000| Untracked 
|  45|0x000000008d500000, 0x000000008d500000, 0x000000008d600000|  0%| F|  |TAMS 0x000000008d500000, 0x000000008d500000| Untracked 
|  46|0x000000008d600000, 0x000000008d600000, 0x000000008d700000|  0%| F|  |TAMS 0x000000008d600000, 0x000000008d600000| Untracked 
|  47|0x000000008d700000, 0x000000008d700000, 0x000000008d800000|  0%| F|  |TAMS 0x000000008d700000, 0x000000008d700000| Untracked 
|  48|0x000000008d800000, 0x000000008d800000, 0x000000008d900000|  0%| F|  |TAMS 0x000000008d800000, 0x000000008d800000| Untracked 
|  49|0x000000008d900000, 0x000000008d900000, 0x000000008da00000|  0%| F|  |TAMS 0x000000008d900000, 0x000000008d900000| Untracked 
|  50|0x000000008da00000, 0x000000008da00000, 0x000000008db00000|  0%| F|  |TAMS 0x000000008da00000, 0x000000008da00000| Untracked 
|  51|0x000000008db00000, 0x000000008db00000, 0x000000008dc00000|  0%| F|  |TAMS 0x000000008db00000, 0x000000008db00000| Untracked 
|  52|0x000000008dc00000, 0x000000008dc00000, 0x000000008dd00000|  0%| F|  |TAMS 0x000000008dc00000, 0x000000008dc00000| Untracked 
|  53|0x000000008dd00000, 0x000000008dd00000, 0x000000008de00000|  0%| F|  |TAMS 0x000000008dd00000, 0x000000008dd00000| Untracked 
|  54|0x000000008de00000, 0x000000008de00000, 0x000000008df00000|  0%| F|  |TAMS 0x000000008de00000, 0x000000008de00000| Untracked 
|  55|0x000000008df00000, 0x000000008df00000, 0x000000008e000000|  0%| F|  |TAMS 0x000000008df00000, 0x000000008df00000| Untracked 
|  56|0x000000008e000000, 0x000000008e000000, 0x000000008e100000|  0%| F|  |TAMS 0x000000008e000000, 0x000000008e000000| Untracked 
|  57|0x000000008e100000, 0x000000008e100000, 0x000000008e200000|  0%| F|  |TAMS 0x000000008e100000, 0x000000008e100000| Untracked 
|  58|0x000000008e200000, 0x000000008e200000, 0x000000008e300000|  0%| F|  |TAMS 0x000000008e200000, 0x000000008e200000| Untracked 
|  59|0x000000008e300000, 0x000000008e300000, 0x000000008e400000|  0%| F|  |TAMS 0x000000008e300000, 0x000000008e300000| Untracked 
|  60|0x000000008e400000, 0x000000008e400000, 0x000000008e500000|  0%| F|  |TAMS 0x000000008e400000, 0x000000008e400000| Untracked 
|  61|0x000000008e500000, 0x000000008e500000, 0x000000008e600000|  0%| F|  |TAMS 0x000000008e500000, 0x000000008e500000| Untracked 
|  62|0x000000008e600000, 0x000000008e600000, 0x000000008e700000|  0%| F|  |TAMS 0x000000008e600000, 0x000000008e600000| Untracked 
|  63|0x000000008e700000, 0x000000008e700000, 0x000000008e800000|  0%| F|  |TAMS 0x000000008e700000, 0x000000008e700000| Untracked 
|  64|0x000000008e800000, 0x000000008e800000, 0x000000008e900000|  0%| F|  |TAMS 0x000000008e800000, 0x000000008e800000| Untracked 
|  65|0x000000008e900000, 0x000000008e900000, 0x000000008ea00000|  0%| F|  |TAMS 0x000000008e900000, 0x000000008e900000| Untracked 
|  66|0x000000008ea00000, 0x000000008ea00000, 0x000000008eb00000|  0%| F|  |TAMS 0x000000008ea00000, 0x000000008ea00000| Untracked 
|  67|0x000000008eb00000, 0x000000008eb00000, 0x000000008ec00000|  0%| F|  |TAMS 0x000000008eb00000, 0x000000008eb00000| Untracked 
|  68|0x000000008ec00000, 0x000000008ec00000, 0x000000008ed00000|  0%| F|  |TAMS 0x000000008ec00000, 0x000000008ec00000| Untracked 
|  69|0x000000008ed00000, 0x000000008ed00000, 0x000000008ee00000|  0%| F|  |TAMS 0x000000008ed00000, 0x000000008ed00000| Untracked 
|  70|0x000000008ee00000, 0x000000008ee00000, 0x000000008ef00000|  0%| F|  |TAMS 0x000000008ee00000, 0x000000008ee00000| Untracked 
|  71|0x000000008ef00000, 0x000000008ef00000, 0x000000008f000000|  0%| F|  |TAMS 0x000000008ef00000, 0x000000008ef00000| Untracked 
|  72|0x000000008f000000, 0x000000008f000000, 0x000000008f100000|  0%| F|  |TAMS 0x000000008f000000, 0x000000008f000000| Untracked 
|  73|0x000000008f100000, 0x000000008f100000, 0x000000008f200000|  0%| F|  |TAMS 0x000000008f100000, 0x000000008f100000| Untracked 
|  74|0x000000008f200000, 0x000000008f200000, 0x000000008f300000|  0%| F|  |TAMS 0x000000008f200000, 0x000000008f200000| Untracked 
|  75|0x000000008f300000, 0x000000008f300000, 0x000000008f400000|  0%| F|  |TAMS 0x000000008f300000, 0x000000008f300000| Untracked 
|  76|0x000000008f400000, 0x000000008f400000, 0x000000008f500000|  0%| F|  |TAMS 0x000000008f400000, 0x000000008f400000| Untracked 
|  77|0x000000008f500000, 0x000000008f500000, 0x000000008f600000|  0%| F|  |TAMS 0x000000008f500000, 0x000000008f500000| Untracked 
|  78|0x000000008f600000, 0x000000008f600000, 0x000000008f700000|  0%| F|  |TAMS 0x000000008f600000, 0x000000008f600000| Untracked 
|  79|0x000000008f700000, 0x000000008f700000, 0x000000008f800000|  0%| F|  |TAMS 0x000000008f700000, 0x000000008f700000| Untracked 
|  80|0x000000008f800000, 0x000000008f800000, 0x000000008f900000|  0%| F|  |TAMS 0x000000008f800000, 0x000000008f800000| Untracked 
|  81|0x000000008f900000, 0x000000008f900000, 0x000000008fa00000|  0%| F|  |TAMS 0x000000008f900000, 0x000000008f900000| Untracked 
|  82|0x000000008fa00000, 0x000000008fa00000, 0x000000008fb00000|  0%| F|  |TAMS 0x000000008fa00000, 0x000000008fa00000| Untracked 
|  83|0x000000008fb00000, 0x000000008fb00000, 0x000000008fc00000|  0%| F|  |TAMS 0x000000008fb00000, 0x000000008fb00000| Untracked 
|  84|0x000000008fc00000, 0x000000008fc00000, 0x000000008fd00000|  0%| F|  |TAMS 0x000000008fc00000, 0x000000008fc00000| Untracked 
|  85|0x000000008fd00000, 0x000000008fd00000, 0x000000008fe00000|  0%| F|  |TAMS 0x000000008fd00000, 0x000000008fd00000| Untracked 
|  86|0x000000008fe00000, 0x000000008fe00000, 0x000000008ff00000|  0%| F|  |TAMS 0x000000008fe00000, 0x000000008fe00000| Untracked 
|  87|0x000000008ff00000, 0x000000008ff00000, 0x0000000090000000|  0%| F|  |TAMS 0x000000008ff00000, 0x000000008ff00000| Untracked 
|  88|0x0000000090000000, 0x0000000090000000, 0x0000000090100000|  0%| F|  |TAMS 0x0000000090000000, 0x0000000090000000| Untracked 
|  89|0x0000000090100000, 0x0000000090100000, 0x0000000090200000|  0%| F|  |TAMS 0x0000000090100000, 0x0000000090100000| Untracked 
|  90|0x0000000090200000, 0x0000000090200000, 0x0000000090300000|  0%| F|  |TAMS 0x0000000090200000, 0x0000000090200000| Untracked 
|  91|0x0000000090300000, 0x0000000090300000, 0x0000000090400000|  0%| F|  |TAMS 0x0000000090300000, 0x0000000090300000| Untracked 
|  92|0x0000000090400000, 0x0000000090400000, 0x0000000090500000|  0%| F|  |TAMS 0x0000000090400000, 0x0000000090400000| Untracked 
|  93|0x0000000090500000, 0x0000000090500000, 0x0000000090600000|  0%| F|  |TAMS 0x0000000090500000, 0x0000000090500000| Untracked 
|  94|0x0000000090600000, 0x0000000090600000, 0x0000000090700000|  0%| F|  |TAMS 0x0000000090600000, 0x0000000090600000| Untracked 
|  95|0x0000000090700000, 0x0000000090700000, 0x0000000090800000|  0%| F|  |TAMS 0x0000000090700000, 0x0000000090700000| Untracked 
|  96|0x0000000090800000, 0x0000000090800000, 0x0000000090900000|  0%| F|  |TAMS 0x0000000090800000, 0x0000000090800000| Untracked 
|  97|0x0000000090900000, 0x0000000090900000, 0x0000000090a00000|  0%| F|  |TAMS 0x0000000090900000, 0x0000000090900000| Untracked 
|  98|0x0000000090a00000, 0x0000000090a00000, 0x0000000090b00000|  0%| F|  |TAMS 0x0000000090a00000, 0x0000000090a00000| Untracked 
|  99|0x0000000090b00000, 0x0000000090b00000, 0x0000000090c00000|  0%| F|  |TAMS 0x0000000090b00000, 0x0000000090b00000| Untracked 
| 100|0x0000000090c00000, 0x0000000090c00000, 0x0000000090d00000|  0%| F|  |TAMS 0x0000000090c00000, 0x0000000090c00000| Untracked 
| 101|0x0000000090d00000, 0x0000000090d00000, 0x0000000090e00000|  0%| F|  |TAMS 0x0000000090d00000, 0x0000000090d00000| Untracked 
| 102|0x0000000090e00000, 0x0000000090e00000, 0x0000000090f00000|  0%| F|  |TAMS 0x0000000090e00000, 0x0000000090e00000| Untracked 
| 103|0x0000000090f00000, 0x0000000090f00000, 0x0000000091000000|  0%| F|  |TAMS 0x0000000090f00000, 0x0000000090f00000| Untracked 
| 104|0x0000000091000000, 0x0000000091000000, 0x0000000091100000|  0%| F|  |TAMS 0x0000000091000000, 0x0000000091000000| Untracked 
| 105|0x0000000091100000, 0x0000000091100000, 0x0000000091200000|  0%| F|  |TAMS 0x0000000091100000, 0x0000000091100000| Untracked 
| 106|0x0000000091200000, 0x0000000091200000, 0x0000000091300000|  0%| F|  |TAMS 0x0000000091200000, 0x0000000091200000| Untracked 
| 107|0x0000000091300000, 0x0000000091300000, 0x0000000091400000|  0%| F|  |TAMS 0x0000000091300000, 0x0000000091300000| Untracked 
| 108|0x0000000091400000, 0x0000000091400000, 0x0000000091500000|  0%| F|  |TAMS 0x0000000091400000, 0x0000000091400000| Untracked 
| 109|0x0000000091500000, 0x0000000091500000, 0x0000000091600000|  0%| F|  |TAMS 0x0000000091500000, 0x0000000091500000| Untracked 
| 110|0x0000000091600000, 0x0000000091600000, 0x0000000091700000|  0%| F|  |TAMS 0x0000000091600000, 0x0000000091600000| Untracked 
| 111|0x0000000091700000, 0x0000000091700000, 0x0000000091800000|  0%| F|  |TAMS 0x0000000091700000, 0x0000000091700000| Untracked 
| 112|0x0000000091800000, 0x00000000918f5f10, 0x0000000091900000| 96%| E|  |TAMS 0x0000000091800000, 0x0000000091800000| Complete 
| 113|0x0000000091900000, 0x0000000091a00000, 0x0000000091a00000|100%| E|CS|TAMS 0x0000000091900000, 0x0000000091900000| Complete 
| 114|0x0000000091a00000, 0x0000000091b00000, 0x0000000091b00000|100%| E|CS|TAMS 0x0000000091a00000, 0x0000000091a00000| Complete 
| 115|0x0000000091b00000, 0x0000000091c00000, 0x0000000091c00000|100%| E|CS|TAMS 0x0000000091b00000, 0x0000000091b00000| Complete 
| 116|0x0000000091c00000, 0x0000000091d00000, 0x0000000091d00000|100%| E|CS|TAMS 0x0000000091c00000, 0x0000000091c00000| Complete 
| 117|0x0000000091d00000, 0x0000000091e00000, 0x0000000091e00000|100%| E|CS|TAMS 0x0000000091d00000, 0x0000000091d00000| Complete 

Card table byte_map: [0x000001ae1f0b0000,0x000001ae1f460000] _byte_map_base: 0x000001ae1ec5c000

Marking Bits (Prev, Next): (CMBitMap*) 0x000001ae0c076b80, (CMBitMap*) 0x000001ae0c076bc0
 Prev Bits: [0x000001ae1f810000, 0x000001ae21570000)
 Next Bits: [0x000001ae21570000, 0x000001ae232d0000)

Polling page: 0x000001ae09d90000

Metaspace:

Usage:
  Non-class:      9.56 MB used.
      Class:      1.01 MB used.
       Both:     10.57 MB used.

Virtual space:
  Non-class space:       64.00 MB reserved,       9.62 MB ( 15%) committed,  1 nodes.
      Class space:        1.00 GB reserved,       1.12 MB ( <1%) committed,  1 nodes.
             Both:        1.06 GB reserved,      10.75 MB ( <1%) committed. 

Chunk freelists:
   Non-Class:  6.28 MB
       Class:  14.74 MB
        Both:  21.03 MB

MaxMetaspaceSize: unlimited
CompressedClassSpaceSize: 1.00 GB
Initial GC threshold: 21.00 MB
Current GC threshold: 21.00 MB
CDS: off
MetaspaceReclaimPolicy: balanced
 - commit_granule_bytes: 65536.
 - commit_granule_words: 8192.
 - virtual_space_node_default_size: 8388608.
 - enlarge_chunks_in_place: 1.
 - new_chunks_are_fully_committed: 0.
 - uncommit_free_chunks: 1.
 - use_allocation_guard: 0.
 - handle_deallocations: 1.


Internal statistics:

num_allocs_failed_limit: 0.
num_arena_births: 54.
num_arena_deaths: 0.
num_vsnodes_births: 2.
num_vsnodes_deaths: 0.
num_space_committed: 172.
num_space_uncommitted: 0.
num_chunks_returned_to_freelist: 0.
num_chunks_taken_from_freelist: 103.
num_chunk_merges: 0.
num_chunk_splits: 54.
num_chunks_enlarged: 32.
num_inconsistent_stats: 0.

CodeHeap 'non-profiled nmethods': size=120000Kb used=171Kb max_used=171Kb free=119828Kb
 bounds [0x000001ae17270000, 0x000001ae174e0000, 0x000001ae1e7a0000]
CodeHeap 'profiled nmethods': size=120000Kb used=794Kb max_used=794Kb free=119205Kb
 bounds [0x000001ae0f7a0000, 0x000001ae0fa10000, 0x000001ae16cd0000]
CodeHeap 'non-nmethods': size=5760Kb used=1147Kb max_used=1157Kb free=4612Kb
 bounds [0x000001ae16cd0000, 0x000001ae16f40000, 0x000001ae17270000]
 total_blobs=1004 nmethods=566 adapters=351
 compilation: enabled
              stopped_count=0, restarted_count=0
 full_count=0

Compilation events (20 events):
Event: 0.391 Thread 0x000001ae25f7ad80 nmethod 476 0x000001ae0f84dd10 code [0x000001ae0f84dea0, 0x000001ae0f84dff8]
Event: 0.391 Thread 0x000001ae25f7ad80  477       3       java.lang.invoke.MemberName::isStatic (8 bytes)
Event: 0.391 Thread 0x000001ae25f7ad80 nmethod 477 0x000001ae0f84e090 code [0x000001ae0f84e220, 0x000001ae0f84e3f8]
Event: 0.392 Thread 0x000001ae25f7ad80  478       3       java.lang.invoke.MemberName::getMethodOrFieldType (72 bytes)
Event: 0.392 Thread 0x000001ae25f7ad80 nmethod 478 0x000001ae0f84e490 code [0x000001ae0f84e7c0, 0x000001ae0f84f688]
Event: 0.392 Thread 0x000001ae25f7ad80  480       3       java.lang.reflect.Modifier::isPublic (12 bytes)
Event: 0.392 Thread 0x000001ae25f79b40  483       4       jdk.internal.org.objectweb.asm.ByteVector::putUTF8 (144 bytes)
Event: 0.392 Thread 0x000001ae25f7ad80 nmethod 480 0x000001ae0f84fb90 code [0x000001ae0f84fd20, 0x000001ae0f84fe78]
Event: 0.392 Thread 0x000001ae25f7ad80  485       3       jdk.internal.org.objectweb.asm.SymbolTable::addConstantUtf8Reference (101 bytes)
Event: 0.393 Thread 0x000001ae25f7ad80 nmethod 485 0x000001ae0f84ff10 code [0x000001ae0f850120, 0x000001ae0f8506f8]
Event: 0.393 Thread 0x000001ae25f7ad80  486       3       java.util.Arrays::equals (57 bytes)
Event: 0.393 Thread 0x000001ae25f7ad80 nmethod 486 0x000001ae0f850a10 code [0x000001ae0f850c00, 0x000001ae0f8511c8]
Event: 0.393 Thread 0x000001ae25f7ad80  484       3       jdk.internal.org.objectweb.asm.SymbolTable::addConstantClass (8 bytes)
Event: 0.393 Thread 0x000001ae25f7ad80 nmethod 484 0x000001ae0f851390 code [0x000001ae0f851520, 0x000001ae0f851668]
Event: 0.393 Thread 0x000001ae25f7ad80  481       3       java.lang.reflect.Modifier::isProtected (12 bytes)
Event: 0.393 Thread 0x000001ae25f7ad80 nmethod 481 0x000001ae0f851710 code [0x000001ae0f8518a0, 0x000001ae0f8519f8]
Event: 0.393 Thread 0x000001ae25f7ad80  487       3       java.lang.Object::equals (11 bytes)
Event: 0.393 Thread 0x000001ae25f7ad80 nmethod 487 0x000001ae0f851a90 code [0x000001ae0f851c20, 0x000001ae0f851d98]
Event: 0.393 Thread 0x000001ae25f7ad80  482       1       jdk.internal.org.objectweb.asm.SymbolTable::getMajorVersion (5 bytes)
Event: 0.393 Thread 0x000001ae25f7ad80 nmethod 482 0x000001ae17293890 code [0x000001ae17293a20, 0x000001ae17293af8]

GC Heap History (0 events):
No events

Dll operation events (1 events):
Event: 0.012 Loaded shared library C:\Users\Niall\AppData\Local\JetBrains\Toolbox\apps\IDEA-U\ch-0\232.8660.185\jbr\bin\java.dll

Deoptimization events (6 events):
Event: 0.366 Thread 0x000001ae0c01ec10 DEOPT PACKING pc=0x000001ae0f7d2fad sp=0x00000054fb8fdd80
Event: 0.366 Thread 0x000001ae0c01ec10 DEOPT UNPACKING pc=0x000001ae16d27143 sp=0x00000054fb8fd218 mode 0
Event: 0.380 Thread 0x000001ae0c01ec10 Uncommon trap: trap_request=0xffffff45 fr.pc=0x000001ae172910f4 relative=0x0000000000000074
Event: 0.380 Thread 0x000001ae0c01ec10 Uncommon trap: reason=unstable_if action=reinterpret pc=0x000001ae172910f4 method=jdk.internal.misc.Unsafe.convEndian(ZI)I @ 4 c2
Event: 0.380 Thread 0x000001ae0c01ec10 DEOPT PACKING pc=0x000001ae172910f4 sp=0x00000054fb8fdd20
Event: 0.380 Thread 0x000001ae0c01ec10 DEOPT UNPACKING pc=0x000001ae16d269a3 sp=0x00000054fb8fdc50 mode 2

Classes unloaded (0 events):
No events

Classes redefined (0 events):
No events

Internal exceptions (15 events):
Event: 0.274 Thread 0x000001ae0c01ec10 Exception <a 'sun/nio/fs/WindowsException'{0x0000000091bbb1c0}> (0x0000000091bbb1c0) 
thrown [s\src\hotspot\share\prims\jni.cpp, line 517]
Event: 0.292 Thread 0x000001ae0c01ec10 Exception <a 'java/lang/NoSuchMethodError'{0x0000000091be70a8}: 'int java.lang.invoke.DirectMethodHandle$Holder.invokeStaticInit(java.lang.Object, java.lang.Object, java.lang.Object, java.lang.Object)'> (0x0000000091be70a8) 
thrown [s\src\hotspot\share\interpreter\linkResolver.cpp, line 771]
Event: 0.293 Thread 0x000001ae0c01ec10 Exception <a 'java/lang/NoSuchMethodError'{0x0000000091bf1f68}: 'java.lang.Object java.lang.invoke.DirectMethodHandle$Holder.invokeInterface(java.lang.Object, java.lang.Object)'> (0x0000000091bf1f68) 
thrown [s\src\hotspot\share\interpreter\linkResolver.cpp, line 771]
Event: 0.293 Thread 0x000001ae0c01ec10 Exception <a 'java/lang/IncompatibleClassChangeError'{0x0000000091bf5888}: Found class java.lang.Object, but interface was expected> (0x0000000091bf5888) 
thrown [s\src\hotspot\share\interpreter\linkResolver.cpp, line 838]
Event: 0.294 Thread 0x000001ae0c01ec10 Exception <a 'java/lang/NoSuchMethodError'{0x0000000091bf8c38}: 'void java.lang.invoke.DirectMethodHandle$Holder.invokeStatic(java.lang.Object, java.lang.Object)'> (0x0000000091bf8c38) 
thrown [s\src\hotspot\share\interpreter\linkResolver.cpp, line 771]
Event: 0.294 Thread 0x000001ae0c01ec10 Exception <a 'java/lang/NoSuchMethodError'{0x0000000091bfc550}: 'void java.lang.invoke.DirectMethodHandle$Holder.invokeStaticInit(java.lang.Object, java.lang.Object)'> (0x0000000091bfc550) 
thrown [s\src\hotspot\share\interpreter\linkResolver.cpp, line 771]
Event: 0.296 Thread 0x000001ae0c01ec10 Exception <a 'java/lang/NoSuchMethodError'{0x0000000091a03320}: 'int java.lang.invoke.DirectMethodHandle$Holder.invokeStaticInit(java.lang.Object, java.lang.Object)'> (0x0000000091a03320) 
thrown [s\src\hotspot\share\interpreter\linkResolver.cpp, line 771]
Event: 0.329 Thread 0x000001ae0c01ec10 Exception <a 'java/lang/NoSuchMethodError'{0x0000000091ae9530}: 'java.lang.Object java.lang.invoke.DirectMethodHandle$Holder.invokeStaticInit(java.lang.Object, int, int, int, int)'> (0x0000000091ae9530) 
thrown [s\src\hotspot\share\interpreter\linkResolver.cpp, line 771]
Event: 0.377 Thread 0x000001ae0c01ec10 Exception <a 'java/lang/NoSuchMethodError'{0x00000000919d2240}: 'java.lang.Object java.lang.invoke.DirectMethodHandle$Holder.invokeStaticInit(java.lang.Object, java.lang.Object, int, int, int, int)'> (0x00000000919d2240) 
thrown [s\src\hotspot\share\interpreter\linkResolver.cpp, line 771]
Event: 0.386 Thread 0x000001ae0c01ec10 Exception <a 'java/lang/NoSuchMethodError'{0x000000009183b340}: 'java.lang.Object java.lang.invoke.DirectMethodHandle$Holder.invokeStatic(java.lang.Object, java.lang.Object, int)'> (0x000000009183b340) 
thrown [s\src\hotspot\share\interpreter\linkResolver.cpp, line 771]
Event: 0.386 Thread 0x000001ae0c01ec10 Exception <a 'java/lang/NoSuchMethodError'{0x000000009183eab8}: 'java.lang.Object java.lang.invoke.DirectMethodHandle$Holder.invokeStaticInit(java.lang.Object, java.lang.Object, int)'> (0x000000009183eab8) 
thrown [s\src\hotspot\share\interpreter\linkResolver.cpp, line 771]
Event: 0.387 Thread 0x000001ae0c01ec10 Exception <a 'java/lang/NoSuchMethodError'{0x0000000091844e68}: 'java.lang.Object java.lang.invoke.DirectMethodHandle$Holder.newInvokeSpecial(java.lang.Object, java.lang.Object, int)'> (0x0000000091844e68) 
thrown [s\src\hotspot\share\interpreter\linkResolver.cpp, line 771]
Event: 0.390 Thread 0x000001ae0c01ec10 Exception <a 'java/lang/NoSuchMethodError'{0x0000000091854730}: 'int java.lang.invoke.DirectMethodHandle$Holder.invokeStaticInit(java.lang.Object, java.lang.Object, java.lang.Object)'> (0x0000000091854730) 
thrown [s\src\hotspot\share\interpreter\linkResolver.cpp, line 771]
Event: 0.392 Thread 0x000001ae0c01ec10 Exception <a 'java/lang/NoSuchMethodError'{0x0000000091864910}: 'int java.lang.invoke.DirectMethodHandle$Holder.invokeSpecial(java.lang.Object, java.lang.Object, java.lang.Object)'> (0x0000000091864910) 
thrown [s\src\hotspot\share\interpreter\linkResolver.cpp, line 771]
Event: 0.393 Thread 0x000001ae0c01ec10 Exception <a 'java/lang/NoSuchMethodError'{0x000000009186ccf0}: 'int java.lang.invoke.DirectMethodHandle$Holder.invokeSpecialIFC(java.lang.Object, java.lang.Object, java.lang.Object)'> (0x000000009186ccf0) 
thrown [s\src\hotspot\share\interpreter\linkResolver.cpp, line 771]

VM Operations (6 events):
Event: 0.150 Executing VM operation: HandshakeAllThreads
Event: 0.150 Executing VM operation: HandshakeAllThreads done
Event: 0.185 Executing VM operation: HandshakeAllThreads
Event: 0.185 Executing VM operation: HandshakeAllThreads done
Event: 0.340 Executing VM operation: HandshakeAllThreads
Event: 0.340 Executing VM operation: HandshakeAllThreads done

Events (20 events):
Event: 0.383 loading class java/net/SocketException
Event: 0.383 loading class java/net/SocketException done
Event: 0.383 loading class java/net/ConnectException done
Event: 0.383 loading class javax/net/ssl/SSLHandshakeException
Event: 0.383 loading class javax/net/ssl/SSLException
Event: 0.383 loading class javax/net/ssl/SSLException done
Event: 0.383 loading class javax/net/ssl/SSLHandshakeException done
Event: 0.385 loading class java/nio/charset/CharacterCodingException
Event: 0.385 loading class java/nio/charset/CharacterCodingException done
Event: 0.385 loading class java/lang/System$Logger
Event: 0.385 loading class java/lang/System$Logger done
Event: 0.386 loading class javax/net/ssl/SSLSession
Event: 0.386 loading class javax/net/ssl/SSLSession done
Event: 0.388 loading class sun/net/NetProperties
Event: 0.388 loading class sun/net/NetProperties done
Event: 0.388 loading class sun/net/NetProperties$1
Event: 0.388 loading class sun/net/NetProperties$1 done
Event: 0.390 loading class java/util/function/BiPredicate
Event: 0.390 loading class java/util/function/BiPredicate done
Event: 0.394 loading class java/util/stream/Collectors


Dynamic libraries:
0x00007ff679bc0000 - 0x00007ff679bca000 	C:\Users\Niall\AppData\Local\JetBrains\Toolbox\apps\IDEA-U\ch-0\232.8660.185\jbr\bin\java.exe
0x00007fffd68f0000 - 0x00007fffd6ae8000 	C:\Windows\SYSTEM32\ntdll.dll
0x00007fffd6030000 - 0x00007fffd60ed000 	C:\Windows\System32\KERNEL32.DLL
0x00007fffd45c0000 - 0x00007fffd48b6000 	C:\Windows\System32\KERNELBASE.dll
0x00007fffd4420000 - 0x00007fffd4520000 	C:\Windows\System32\ucrtbase.dll
0x00007fffc5120000 - 0x00007fffc5137000 	C:\Users\Niall\AppData\Local\JetBrains\Toolbox\apps\IDEA-U\ch-0\232.8660.185\jbr\bin\jli.dll
0x00007fff90410000 - 0x00007fff9042b000 	C:\Users\Niall\AppData\Local\JetBrains\Toolbox\apps\IDEA-U\ch-0\232.8660.185\jbr\bin\VCRUNTIME140.dll
0x00007fffd4fa0000 - 0x00007fffd513e000 	C:\Windows\System32\USER32.dll
0x00007fffd3fd0000 - 0x00007fffd3ff2000 	C:\Windows\System32\win32u.dll
0x00007fffd6640000 - 0x00007fffd666c000 	C:\Windows\System32\GDI32.dll
0x00007fffc1a20000 - 0x00007fffc1cba000 	C:\Windows\WinSxS\amd64_microsoft.windows.common-controls_6595b64144ccf1df_6.0.19041.3636_none_60b6a03d71f818d5\COMCTL32.dll
0x00007fffd4260000 - 0x00007fffd437a000 	C:\Windows\System32\gdi32full.dll
0x00007fffd4f00000 - 0x00007fffd4f9e000 	C:\Windows\System32\msvcrt.dll
0x00007fffd4380000 - 0x00007fffd441d000 	C:\Windows\System32\msvcp_win.dll
0x00007fffd5b30000 - 0x00007fffd5b60000 	C:\Windows\System32\IMM32.DLL
0x00007fffd24e0000 - 0x00007fffd24ec000 	C:\Users\Niall\AppData\Local\JetBrains\Toolbox\apps\IDEA-U\ch-0\232.8660.185\jbr\bin\vcruntime140_1.dll
0x00007fff8b2b0000 - 0x00007fff8b33d000 	C:\Users\Niall\AppData\Local\JetBrains\Toolbox\apps\IDEA-U\ch-0\232.8660.185\jbr\bin\msvcp140.dll
0x00007fff84110000 - 0x00007fff84d90000 	C:\Users\Niall\AppData\Local\JetBrains\Toolbox\apps\IDEA-U\ch-0\232.8660.185\jbr\bin\server\jvm.dll
0x00007fffd4e50000 - 0x00007fffd4eff000 	C:\Windows\System32\ADVAPI32.dll
0x00007fffd60f0000 - 0x00007fffd618c000 	C:\Windows\System32\sechost.dll
0x00007fffd6780000 - 0x00007fffd68a6000 	C:\Windows\System32\RPCRT4.dll
0x00007fffc8f80000 - 0x00007fffc8fa7000 	C:\Windows\SYSTEM32\WINMM.dll
0x00007fffca0d0000 - 0x00007fffca0da000 	C:\Windows\SYSTEM32\VERSION.dll
0x00007fffd1d90000 - 0x00007fffd1d99000 	C:\Windows\SYSTEM32\WSOCK32.dll
0x00007fffd65d0000 - 0x00007fffd663b000 	C:\Windows\System32\WS2_32.dll
0x00007fffd2820000 - 0x00007fffd2832000 	C:\Windows\SYSTEM32\kernel.appcore.dll
0x00007fffd2810000 - 0x00007fffd281a000 	C:\Users\Niall\AppData\Local\JetBrains\Toolbox\apps\IDEA-U\ch-0\232.8660.185\jbr\bin\jimage.dll
0x00007fffd0fc0000 - 0x00007fffd11a4000 	C:\Windows\SYSTEM32\DBGHELP.DLL
0x00007fffd1d50000 - 0x00007fffd1d84000 	C:\Windows\SYSTEM32\dbgcore.DLL
0x00007fffd48c0000 - 0x00007fffd4942000 	C:\Windows\System32\bcryptPrimitives.dll
0x00007fffd24b0000 - 0x00007fffd24d5000 	C:\Users\Niall\AppData\Local\JetBrains\Toolbox\apps\IDEA-U\ch-0\232.8660.185\jbr\bin\java.dll
0x00007fffd1d20000 - 0x00007fffd1d38000 	C:\Users\Niall\AppData\Local\JetBrains\Toolbox\apps\IDEA-U\ch-0\232.8660.185\jbr\bin\zip.dll
0x00007fffd5140000 - 0x00007fffd5884000 	C:\Windows\System32\SHELL32.dll
0x00007fffd1300000 - 0x00007fffd1a9b000 	C:\Windows\SYSTEM32\windows.storage.dll
0x00007fffd49b0000 - 0x00007fffd4d04000 	C:\Windows\System32\combase.dll
0x00007fffd39a0000 - 0x00007fffd39cd000 	C:\Windows\SYSTEM32\Wldp.dll
0x00007fffd5900000 - 0x00007fffd59ad000 	C:\Windows\System32\SHCORE.dll
0x00007fffd5890000 - 0x00007fffd58e5000 	C:\Windows\System32\shlwapi.dll
0x00007fffd3f00000 - 0x00007fffd3f25000 	C:\Windows\SYSTEM32\profapi.dll
0x00007fffcc680000 - 0x00007fffcc699000 	C:\Users\Niall\AppData\Local\JetBrains\Toolbox\apps\IDEA-U\ch-0\232.8660.185\jbr\bin\net.dll
0x00007fffc6580000 - 0x00007fffc668a000 	C:\Windows\SYSTEM32\WINHTTP.dll
0x00007fffd36a0000 - 0x00007fffd370a000 	C:\Windows\system32\mswsock.dll
0x00007fffc5360000 - 0x00007fffc5376000 	C:\Users\Niall\AppData\Local\JetBrains\Toolbox\apps\IDEA-U\ch-0\232.8660.185\jbr\bin\nio.dll
0x00007fffd38f0000 - 0x00007fffd3908000 	C:\Windows\SYSTEM32\CRYPTSP.dll
0x00007fffd2fd0000 - 0x00007fffd3004000 	C:\Windows\system32\rsaenh.dll
0x00007fffd4590000 - 0x00007fffd45b7000 	C:\Windows\System32\bcrypt.dll
0x00007fffd3e80000 - 0x00007fffd3eae000 	C:\Windows\SYSTEM32\USERENV.dll
0x00007fffd3910000 - 0x00007fffd391c000 	C:\Windows\SYSTEM32\CRYPTBASE.dll
0x00007fffd3390000 - 0x00007fffd33cb000 	C:\Windows\SYSTEM32\IPHLPAPI.DLL
0x00007fffd6270000 - 0x00007fffd6278000 	C:\Windows\System32\NSI.dll
0x00007fffd00a0000 - 0x00007fffd00b7000 	C:\Windows\SYSTEM32\dhcpcsvc6.DLL
0x00007fffd0080000 - 0x00007fffd009d000 	C:\Windows\SYSTEM32\dhcpcsvc.DLL
0x00007fffd33d0000 - 0x00007fffd349a000 	C:\Windows\SYSTEM32\DNSAPI.dll

dbghelp: loaded successfully - version: 4.0.5 - missing functions: none
symbol engine: initialized successfully - sym options: 0x614 - pdb path: .;C:\Users\Niall\AppData\Local\JetBrains\Toolbox\apps\IDEA-U\ch-0\232.8660.185\jbr\bin;C:\Windows\SYSTEM32;C:\Windows\WinSxS\amd64_microsoft.windows.common-controls_6595b64144ccf1df_6.0.19041.3636_none_60b6a03d71f818d5;C:\Users\Niall\AppData\Local\JetBrains\Toolbox\apps\IDEA-U\ch-0\232.8660.185\jbr\bin\server

VM Arguments:
java_command: git4idea.http.GitAskPassApp Username for 'https://github.com': 
java_class_path (initial): C:/Users/Niall/AppData/Local/JetBrains/Toolbox/apps/IDEA-U/ch-0/232.8660.185/plugins/vcs-git/lib/git4idea-rt.jar;C:/Users/Niall/AppData/Local/JetBrains/Toolbox/apps/IDEA-U/ch-0/232.8660.185/lib/externalProcess-rt.jar
Launcher Type: SUN_STANDARD

[Global flags]
     intx CICompilerCount                          = 4                                         {product} {ergonomic}
     uint ConcGCThreads                            = 3                                         {product} {ergonomic}
     uint G1ConcRefinementThreads                  = 10                                        {product} {ergonomic}
   size_t G1HeapRegionSize                         = 1048576                                   {product} {ergonomic}
    uintx GCDrainStackTargetSize                   = 64                                        {product} {ergonomic}
   size_t InitialHeapSize                          = 123731968                                 {product} {ergonomic}
   size_t MarkStackSize                            = 4194304                                   {product} {ergonomic}
   size_t MaxHeapSize                              = 1971322880                                {product} {ergonomic}
   size_t MaxNewSize                               = 1182793728                                {product} {ergonomic}
   size_t MinHeapDeltaBytes                        = 1048576                                   {product} {ergonomic}
   size_t MinHeapSize                              = 8388608                                   {product} {ergonomic}
    uintx NonNMethodCodeHeapSize                   = 5839372                                {pd product} {ergonomic}
    uintx NonProfiledCodeHeapSize                  = 122909434                              {pd product} {ergonomic}
    uintx ProfiledCodeHeapSize                     = 122909434                              {pd product} {ergonomic}
    uintx ReservedCodeCacheSize                    = 251658240                              {pd product} {ergonomic}
     bool SegmentedCodeCache                       = true                                      {product} {ergonomic}
   size_t SoftMaxHeapSize                          = 1971322880                             {manageable} {ergonomic}
     bool UseCompressedClassPointers               = true                           {product lp64_product} {ergonomic}
     bool UseCompressedOops                        = true                           {product lp64_product} {ergonomic}
     bool UseG1GC                                  = true                                      {product} {ergonomic}
     bool UseLargePagesIndividualAllocation        = false                                  {pd product} {ergonomic}

Logging:
Log output configuration:
 #0: stdout all=warning uptime,level,tags
 #1: stderr all=off uptime,level,tags

Environment Variables:
JAVA_HOME=C:\Program Files\Amazon Corretto\jdk17.0.7_7
PATH=C:\Program Files\Git\mingw64\libexec\git-core;C:\Program Files\Git\mingw64\libexec\git-core;C:\Program Files\Git\mingw64\bin;C:\Program Files\Git\usr\bin;C:\Users\Niall\bin;C:\Program Files\Amazon Corretto\jdk17.0.7_7\bin;C:\Python311\Scripts;C:\Python311;C:\Program Files\Amazon Corretto\jdk17.0.4_9\bin;C:\Program Files\Amazon Corretto\jdk11.0.16_9\bin;C:\Program Files\Amazon Corretto\jdk17.0.0_35\bin;C:\Windows\system32;C:\Windows;C:\Windows\System32\Wbem;C:\Windows\System32\WindowsPowerShell\v1.0;C:\Windows\System32\OpenSSH;C:\Program Files\NVIDIA Corporation\NVIDIA NvDLISR;C:\Program Files\SourceGear\Common\DiffMerge;C:\Program Files\Git\cmd;C:\Program Files\dotnet;C:\Program Files (x86)\Common Files\Acronis\SnapAPI;C:\Program Files (x86)\Common Files\Acronis\VirtualFile;C:\Program Files (x86)\Common Files\Acronis\VirtualFile64;C:\Program Files\nodejs;C:\ProgramData\chocolatey\bin;C:\Program Files\Maven\apache-maven-3.9.2\bin;C:\Program Files\Git LFS;C:\Program Files\GitHub CLI;C:\Gradle\bin;C:\Program Files\Mullvad VPN\resources;C:\Users\Niall\AppData\Local\Programs\Python\Python310\Scripts;C:\Users\Niall\AppData\Local\Programs\Python\Python310;C:\Users\Niall\AppData\Local\Microsoft\WindowsApps;C:\Users\Niall\AppData\Local\atom\bin;C:\Users\Niall\AppData\Local\GitHubDesktop\bin;C:\Users\Niall\AppData\Roaming\npm;C:\Users\Niall\AppData\Local\JetBrains\Toolbox\scripts;C:\Program Files\mitmproxy\bin;C:\Users\Niall\AppData\Local\Programs\Microsoft VS Code\bin
USERNAME=Niall
DISPLAY=:0.0
LC_ALL=en_US.UTF-8
TERM=xterm-256color
TMPDIR=C:\Users\Niall\AppData\Local\Temp
OS=Windows_NT
PROCESSOR_IDENTIFIER=AMD64 Family 23 Model 104 Stepping 1, AuthenticAMD
TMP=C:\Users\Niall\AppData\Local\Temp
TEMP=C:\Users\Niall\AppData\Local\Temp


JNI global refs:
JNI global refs: 18, weak refs: 0

JNI global refs memory usage: 843, weak refs: 209

OOME stack traces (most recent first):
Classloader memory used:
